2024-12-15T13:30:08.016Z 0: 

----------------------------------------------
2024-12-15T13:30:08.333Z 1: Discord starting: {"releaseChannel":"stable","version":"0.0.77"}, modulepath: /home/shushmyr/.config/discord/0.0.77/modules
2024-12-15T13:30:08.584Z 2: ✅ webContents.created web1 ""
2024-12-15T13:30:08.693Z 3: ✅ window.created win1 "discord"
2024-12-15T13:30:11.355Z 4: ✅ webContents.did-finish-load web1
2024-12-15T13:30:23.768Z 5: ✅ webContents.created web2 ""
2024-12-15T13:30:23.855Z 6: ✅ window.created win2 "Discord"
2024-12-15T13:30:28.724Z 7: ✅ webContents.did-finish-load web2
2024-12-15T13:30:28.877Z 8: window.close win1
2024-12-15T13:30:28.970Z 9: webContents.destroyed web1
2024-12-15T13:30:29.043Z 10: window.closed win1
2024-12-15T13:38:57.834Z 11: window.close win2
2024-12-15T13:50:14.409Z 0: 

----------------------------------------------
2024-12-15T13:52:59.670Z 12: window.close win2
2024-12-15T13:54:05.596Z 0: 

----------------------------------------------
2024-12-15T13:54:39.865Z 13: window.close win2
2024-12-15T13:54:55.693Z 14: before-quit
2024-12-15T13:55:02.789Z 0: 

----------------------------------------------
2024-12-15T13:55:02.844Z 1: Wrote 344050 byte minidump to /home/shushmyr/.config/discord/0.0.77/modules/crashlogs/2024_12_15T13_55_02_830Z-0-minidump.dmp
2024-12-15T13:55:02.875Z 2: Discord starting: {"releaseChannel":"stable","version":"0.0.77"}, modulepath: /home/shushmyr/.config/discord/0.0.77/modules
2024-12-15T13:55:02.918Z 3: Sentry report: {"contexts":{"trace":{"trace_id":"6c9f8fac91f04a02a39aaf3ba1fbb941","span_id":"bfeb73ff61d546df"},"app":{"app_name":"discord","app_version":"0.0.77","app_start_time":"2024-12-15T13:30:02.403Z"},"os":{"kernel_version":"6.12.1-arch1-1","name":"Arch Linux","version":"\"rolling\""},"browser":{"name":"Chrome"},"chrome":{"name":"Chrome","type":"runtime","version":"128.0.6613.186"},"device":{"arch":"x64","family":"Desktop","language":"en-US","screen_density":1,"screen_resolution":"1920x1080","memory_size":16695513088,"free_memory":1283686400,"processor_count":4,"cpu_description":"AMD Ryzen 3 3200G with Radeon Vega Graphics","processor_frequency":3849},"node":{"name":"Node","type":"runtime","version":"20.18.0"},"runtime":{"name":"Electron","version":"32.2.2"}},"environment":"stable","release":"0.0.77","user":{"ip_address":"{{auto}}","id":"530478549128183822","username":"ensomnatt","email":"tankistwotblitz532@gmail.com"},"tags":{"event.origin":"electron","event.environment":"native","event.process":"browser","event_type":"native","nativeBuildNumber":"null"},"level":"fatal","platform":"native","breadcrumbs":[{"timestamp":1734269846.247,"category":"ui.click","message":"div.option_f6639d > span.deviceOption_dfcd87 > span.deviceOptionLabel_dfcd87"},{"timestamp":1734269848.69,"category":"ui.click","message":"div.contents_dd4f85"},{"timestamp":1734269850.847,"category":"ui.click","message":"div.contents_dd4f85"},{"timestamp":1734269854.338,"category":"electron","message":"window.blur","type":"ui","data":{"id":2,"url":"https://discord.com/channels/@me/1256709262147846234"}},{"timestamp":1734269854.338,"category":"electron","message":"app.browser-window-blur","type":"ui"},{"timestamp":1734269860.169,"category":"electron","message":"window.focus","type":"ui","data":{"id":2,"url":"https://discord.com/channels/@me/1256709262147846234"}},{"timestamp":1734269860.169,"category":"electron","message":"app.browser-window-focus","type":"ui"},{"timestamp":1734269860.937,"category":"ui.click","message":"div.contents_dd4f85"},{"timestamp":1734269862.083,"category":"ui.click","message":"div.micTest_e75a73 > div.wrapper_a1107d > div.container_a1107d > svg > rect"},{"timestamp":1734269870.147,"category":"ui.click","message":"div.contents_dd4f85"},{"timestamp":1734269870.371,"category":"electron","message":"window.blur","type":"ui","data":{"id":2,"url":"https://discord.com/channels/@me/1256709262147846234"}},{"timestamp":1734269870.371,"category":"electron","message":"app.browser-window-blur","type":"ui"},{"timestamp":1734269888.351,"category":"electron","message":"window.focus","type":"ui","data":{"id":2,"url":"https://discord.com/channels/@me/1256709262147846234"}},{"timestamp":1734269888.351,"category":"electron","message":"app.browser-window-focus","type":"ui"},{"timestamp":1734269893.112,"category":"electron","message":"window.blur","type":"ui","data":{"id":2,"url":"https://discord.com/channels/@me/1256709262147846234"}},{"timestamp":1734269893.112,"category":"electron","message":"app.browser-window-blur","type":"ui"},{"timestamp":1734269910.821,"category":"electron","message":"window.focus","type":"ui","data":{"id":2,"url":"https://discord.com/channels/@me/1256709262147846234"}},{"timestamp":1734269910.821,"category":"electron","message":"app.browser-window-focus","type":"ui"},{"timestamp":1734269911.323,"category":"electron","message":"window.blur","type":"ui","data":{"id":2,"url":"https://discord.com/channels/@me/1256709262147846234"}},{"timestamp":1734269911.323,"category":"electron","message":"app.browser-window-blur","type":"ui"},{"timestamp":1734269937.622,"category":"electron","message":"window.focus","type":"ui","data":{"id":2,"url":"https://discord.com/channels/@me/1256709262147846234"}},{"timestamp":1734269937.623,"category":"electron","message":"app.browser-window-focus","type":"ui"},{"timestamp":1734269937.833,"category":"electron","message":"window.close","type":"ui","data":{"id":2,"url":"https://discord.com/channels/@me/1256709262147846234"}},{"timestamp":1734269937.834,"category":"console","level":"log","message":"blackbox: 2024-12-15T13:38:57.834Z 11 window.close win2"},{"timestamp":1734269937.836,"category":"electron","message":"window.hide","type":"ui","data":{"id":2,"url":"https://discord.com/channels/@me/1256709262147846234"}},{"timestamp":1734269937.837,"category":"electron","message":"window.blur","type":"ui","data":{"id":2,"url":"https://discord.com/channels/@me/1256709262147846234"}},{"timestamp":1734269937.837,"category":"electron","message":"app.browser-window-blur","type":"ui"},{"timestamp":1734270614.213,"category":"electron","message":"app.second-instance","type":"ui"},{"timestamp":1734270614.214,"category":"electron","message":"window.show","type":"ui","data":{"id":2,"url":"https://discord.com/channels/@me/1256709262147846234"}},{"timestamp":1734270614.214,"category":"electron","message":"window.show","type":"ui","data":{"id":2,"url":"https://discord.com/channels/@me/1256709262147846234"}},{"timestamp":1734270614.215,"category":"electron","message":"window.focus","type":"ui","data":{"id":2,"url":"https://discord.com/channels/@me/1256709262147846234"}},{"timestamp":1734270614.215,"category":"electron","message":"app.browser-window-focus","type":"ui"},{"timestamp":1734270614.215,"category":"electron","message":"window.blur","type":"ui","data":{"id":2,"url":"https://discord.com/channels/@me/1256709262147846234"}},{"timestamp":1734270614.215,"category":"electron","message":"app.browser-window-blur","type":"ui"},{"timestamp":1734270614.224,"category":"electron","message":"window.maximize","type":"ui","data":{"id":2,"url":"https://discord.com/channels/@me/1256709262147846234"}},{"timestamp":1734270614.224,"category":"electron","message":"window.focus","type":"ui","data":{"id":2,"url":"https://discord.com/channels/@me/1256709262147846234"}},{"timestamp":1734270614.224,"category":"electron","message":"app.browser-window-focus","type":"ui"},{"timestamp":1734270614.56,"category":"electron","message":"window.blur","type":"ui","data":{"id":2,"url":"https://discord.com/channels/@me/1256709262147846234"}},{"timestamp":1734270614.56,"category":"electron","message":"app.browser-window-blur","type":"ui"},{"timestamp":1734270614.999,"category":"electron","message":"window.focus","type":"ui","data":{"id":2,"url":"https://discord.com/channels/@me/1256709262147846234"}},{"timestamp":1734270614.999,"category":"electron","message":"app.browser-window-focus","type":"ui"},{"timestamp":1734270616.856,"category":"ui.click","message":"span.value_f6639d > span.deviceOption_dfcd87 > span.deviceOptionLabel_dfcd87"},{"timestamp":1734270618.719,"category":"ui.click","message":"span.value_f6639d > span.deviceOption_dfcd87 > span.deviceOptionLabel_dfcd87"},{"timestamp":1734270619.437,"category":"ui.click","message":"span.value_f6639d > span.deviceOption_dfcd87 > span.deviceOptionLabel_dfcd87"},{"timestamp":1734270624.241,"category":"ui.click","message":"span.value_f6639d > span.deviceOption_dfcd87 > span.deviceOptionLabel_dfcd87"},{"timestamp":1734270625.268,"category":"ui.click","message":"div.contents_dd4f85"},{"timestamp":1734270631.556,"category":"ui.click","message":"div.contents_dd4f85"},{"timestamp":1734270634.208,"category":"electron","message":"window.blur","type":"ui","data":{"id":2,"url":"https://discord.com/channels/@me/1256709262147846234"}},{"timestamp":1734270634.208,"category":"electron","message":"app.browser-window-blur","type":"ui"},{"timestamp":1734270741.737,"category":"electron","message":"window.focus","type":"ui","data":{"id":2,"url":"https://discord.com/channels/@me/1256709262147846234"}},{"timestamp":1734270741.737,"category":"electron","message":"app.browser-window-focus","type":"ui"},{"timestamp":1734270741.988,"category":"electron","message":"window.blur","type":"ui","data":{"id":2,"url":"https://discord.com/channels/@me/1256709262147846234"}},{"timestamp":1734270741.988,"category":"electron","message":"app.browser-window-blur","type":"ui"},{"timestamp":1734270743.064,"category":"electron","message":"window.focus","type":"ui","data":{"id":2,"url":"https://discord.com/channels/@me/1256709262147846234"}},{"timestamp":1734270743.064,"category":"electron","message":"app.browser-window-focus","type":"ui"},{"timestamp":1734270745.534,"category":"ui.click","message":"span.value_f6639d > span.deviceOption_dfcd87 > span.deviceOptionLabel_dfcd87"},{"timestamp":1734270747.023,"category":"ui.click","message":"span.value_f6639d > span.deviceOption_dfcd87 > span.deviceOptionLabel_dfcd87"},{"timestamp":1734270750.294,"category":"electron","message":"window.blur","type":"ui","data":{"id":2,"url":"https://discord.com/channels/@me/1256709262147846234"}},{"timestamp":1734270750.294,"category":"electron","message":"app.browser-window-blur","type":"ui"},{"timestamp":1734270753.084,"category":"electron","message":"window.focus","type":"ui","data":{"id":2,"url":"https://discord.com/channels/@me/1256709262147846234"}},{"timestamp":1734270753.084,"category":"electron","message":"app.browser-window-focus","type":"ui"},{"timestamp":1734270760.758,"category":"electron","message":"window.blur","type":"ui","data":{"id":2,"url":"https://discord.com/channels/@me/1256709262147846234"}},{"timestamp":1734270760.758,"category":"electron","message":"app.browser-window-blur","type":"ui"},{"timestamp":1734270760.878,"category":"electron","message":"window.focus","type":"ui","data":{"id":2,"url":"https://discord.com/channels/@me/1256709262147846234"}},{"timestamp":1734270760.878,"category":"electron","message":"app.browser-window-focus","type":"ui"},{"timestamp":1734270761.202,"category":"electron","message":"window.blur","type":"ui","data":{"id":2,"url":"https://discord.com/channels/@me/1256709262147846234"}},{"timestamp":1734270761.202,"category":"electron","message":"app.browser-window-blur","type":"ui"},{"timestamp":1734270761.202,"category":"electron","message":"window.focus","type":"ui","data":{"id":2,"url":"https://discord.com/channels/@me/1256709262147846234"}},{"timestamp":1734270761.202,"category":"electron","message":"app.browser-window-focus","type":"ui"},{"timestamp":1734270761.901,"category":"electron","message":"window.blur","type":"ui","data":{"id":2,"url":"https://discord.com/channels/@me/1256709262147846234"}},{"timestamp":1734270761.901,"category":"electron","message":"app.browser-window-blur","type":"ui"},{"timestamp":1734270761.902,"category":"electron","message":"window.focus","type":"ui","data":{"id":2,"url":"https://discord.com/channels/@me/1256709262147846234"}},{"timestamp":1734270761.902,"category":"electron","message":"app.browser-window-focus","type":"ui"},{"timestamp":1734270763.209,"category":"ui.click","message":"div.container_df5532 > div.closeButton_df5532[aria-label=\"Закрыть\"]"},{"timestamp":1734270766.755,"category":"ui.click","message":"g > g > g > g > path"},{"timestamp":1734270779.67,"category":"electron","message":"window.close","type":"ui","data":{"id":2,"url":"https://discord.com/channels/@me/1256709262147846234"}},{"timestamp":1734270779.67,"category":"console","level":"log","message":"blackbox: 2024-12-15T13:52:59.670Z 12 window.close win2"},{"timestamp":1734270779.671,"category":"electron","message":"window.hide","type":"ui","data":{"id":2,"url":"https://discord.com/channels/@me/1256709262147846234"}},{"timestamp":1734270779.672,"category":"electron","message":"window.blur","type":"ui","data":{"id":2,"url":"https://discord.com/channels/@me/1256709262147846234"}},{"timestamp":1734270779.672,"category":"electron","message":"app.browser-window-blur","type":"ui"},{"timestamp":1734270845.432,"category":"electron","message":"app.second-instance","type":"ui"},{"timestamp":1734270845.432,"category":"electron","message":"window.show","type":"ui","data":{"id":2,"url":"https://discord.com/channels/@me/1256709262147846234"}},{"timestamp":1734270845.433,"category":"electron","message":"window.show","type":"ui","data":{"id":2,"url":"https://discord.com/channels/@me/1256709262147846234"}},{"timestamp":1734270845.433,"category":"electron","message":"window.focus","type":"ui","data":{"id":2,"url":"https://discord.com/channels/@me/1256709262147846234"}},{"timestamp":1734270845.433,"category":"electron","message":"app.browser-window-focus","type":"ui"},{"timestamp":1734270845.434,"category":"electron","message":"window.blur","type":"ui","data":{"id":2,"url":"https://discord.com/channels/@me/1256709262147846234"}},{"timestamp":1734270845.434,"category":"electron","message":"app.browser-window-blur","type":"ui"},{"timestamp":1734270845.446,"category":"electron","message":"window.maximize","type":"ui","data":{"id":2,"url":"https://discord.com/channels/@me/1256709262147846234"}},{"timestamp":1734270845.447,"category":"electron","message":"window.focus","type":"ui","data":{"id":2,"url":"https://discord.com/channels/@me/1256709262147846234"}},{"timestamp":1734270845.447,"category":"electron","message":"app.browser-window-focus","type":"ui"},{"timestamp":1734270847.271,"category":"electron","message":"window.blur","type":"ui","data":{"id":2,"url":"https://discord.com/channels/@me/1256709262147846234"}},{"timestamp":1734270847.271,"category":"electron","message":"app.browser-window-blur","type":"ui"},{"timestamp":1734270857.919,"category":"electron","message":"window.focus","type":"ui","data":{"id":2,"url":"https://discord.com/channels/@me/1256709262147846234"}},{"timestamp":1734270857.919,"category":"electron","message":"app.browser-window-focus","type":"ui"},{"timestamp":1734270870.857,"category":"ui.click","message":"div.item_a0.selected_a0.themed_a0[aria-label=\"Внешний вид\"]"},{"timestamp":1734270879.865,"category":"electron","message":"window.close","type":"ui","data":{"id":2,"url":"https://discord.com/channels/@me/1256709262147846234"}},{"timestamp":1734270879.865,"category":"console","level":"log","message":"blackbox: 2024-12-15T13:54:39.865Z 13 window.close win2"},{"timestamp":1734270879.866,"category":"electron","message":"window.hide","type":"ui","data":{"id":2,"url":"https://discord.com/channels/@me/1256709262147846234"}},{"timestamp":1734270879.866,"category":"electron","message":"window.blur","type":"ui","data":{"id":2,"url":"https://discord.com/channels/@me/1256709262147846234"}},{"timestamp":1734270879.866,"category":"electron","message":"app.browser-window-blur","type":"ui"},{"timestamp":1734270902.584,"category":"console","level":"log","message":"Discord 0.0.77"},{"timestamp":1734270902.697,"category":"electron","message":"app.will-finish-launching","type":"ui"},{"timestamp":1734270902.699,"category":"electron","message":"app.ready","type":"ui"},{"timestamp":1734270902.707,"category":"electron","message":"app.session-created","type":"ui"},{"timestamp":1734270902.709,"category":"console","level":"log","message":"Starting app."},{"timestamp":1734270902.722,"category":"console","level":"log","message":"Starting updater."},{"timestamp":1734270902.725,"category":"console","level":"log","message":"2024-12-15T13:55:02.724Z [Modules] Modules initializing"},{"timestamp":1734270902.725,"category":"console","level":"log","message":"2024-12-15T13:55:02.725Z [Modules] Distribution: remote"},{"timestamp":1734270902.725,"category":"console","level":"log","message":"2024-12-15T13:55:02.725Z [Modules] Host updates: enabled"},{"timestamp":1734270902.725,"category":"console","level":"log","message":"2024-12-15T13:55:02.725Z [Modules] Module updates: enabled"},{"timestamp":1734270902.725,"category":"console","level":"log","message":"2024-12-15T13:55:02.725Z [Modules] Module install path: /home/shushmyr/.config/discord/0.0.77/modules"},{"timestamp":1734270902.725,"category":"console","level":"log","message":"2024-12-15T13:55:02.725Z [Modules] Module installed file path: /home/shushmyr/.config/discord/0.0.77/modules/installed.json"},{"timestamp":1734270902.725,"category":"console","level":"log","message":"2024-12-15T13:55:02.725Z [Modules] Module download path: /home/shushmyr/.config/discord/0.0.77/modules/pending"},{"timestamp":1734270902.745,"category":"console","level":"log","message":"splashScreen.initSplash(false)"},{"timestamp":1734270902.745,"category":"console","level":"log","message":"CDM component API found"},{"timestamp":1734270902.766,"category":"electron","message":"app.web-contents-created","type":"ui"},{"timestamp":1734270902.766,"category":"electron","message":"app.browser-window-created","type":"ui"},{"timestamp":1734270902.789,"category":"console","level":"log","message":"blackbox: 2024-12-15T13:55:02.789Z 0 \n\n----------------------------------------------"},{"timestamp":1734270902.792,"category":"console","level":"log","message":"CDM completed with status: cdm-ready-success"},{"timestamp":1734270902.804,"category":"electron","message":"app.gpu-info-update","type":"ui"}],"event_id":"8bd35b1da19342ce8a9af1ac2b454b1e","timestamp":1734270902.815,"sdk":{"integrations":["SentryMinidump","ElectronBreadcrumbs","Net","MainContext","ChildProcess","OnUncaughtException","PreloadInjection","AdditionalContext","Screenshots","RendererProfiling","InboundFilters","FunctionToString","LinkedErrors","RequestData","Console","Http","Undici","OnUnhandledRejection","ContextLines","LocalVariables","Modules"],"name":"sentry.javascript.electron","version":"4.24.0","packages":[{"name":"npm:@sentry/electron","version":"4.24.0"}]},"modules":{},"extra":{"release_channel":"stable","sentry":{"environment":"stable","release":"0.0.77"},"wm":"Hyprland,hyprland","distro":"\"Arch Linux\""}}
2024-12-15T13:55:02.992Z 4: ✅ webContents.created web1 "index.html"
2024-12-15T13:55:03.035Z 5: ✅ window.created win1 "discord"
2024-12-15T13:55:03.297Z 6: ✅ webContents.did-finish-load web1
2024-12-15T13:55:03.648Z 7: ✅ webContents.created web2 ""
2024-12-15T13:55:03.694Z 8: ✅ window.created win2 "Discord"
2024-12-15T13:55:07.960Z 9: ✅ webContents.did-finish-load web2
2024-12-15T13:55:08.107Z 10: window.close win1
2024-12-15T13:55:08.204Z 11: webContents.destroyed web1
2024-12-15T13:55:08.274Z 12: window.closed win1
2024-12-15T14:00:42.903Z 13: window.close win2
2024-12-15T16:42:48.476Z 0: 

----------------------------------------------
2024-12-15T19:09:50.168Z 14: window.close win2
2024-12-15T19:09:56.294Z 15: before-quit
2024-12-17T15:42:50.961Z 0: 

----------------------------------------------
2024-12-17T15:42:51.519Z 1: Discord starting: {"releaseChannel":"stable","version":"0.0.77"}, modulepath: /home/shushmyr/.config/discord/0.0.77/modules
2024-12-17T15:42:51.646Z 2: ✅ webContents.created web1 ""
2024-12-17T15:42:51.771Z 3: ✅ window.created win1 "discord"
2024-12-17T15:42:53.938Z 4: ✅ webContents.did-finish-load web1
2024-12-17T15:46:25.998Z 5: window.close win1
2024-12-17T15:46:28.763Z 0: 

----------------------------------------------
2024-12-17T15:46:28.812Z 1: Discord starting: {"releaseChannel":"stable","version":"0.0.77"}, modulepath: /home/shushmyr/.config/discord/0.0.77/modules
2024-12-17T15:46:28.845Z 2: ✅ webContents.created web1 "index.html"
2024-12-17T15:46:28.892Z 3: ✅ window.created win1 "discord"
2024-12-17T15:46:29.230Z 4: ✅ webContents.did-finish-load web1
2024-12-17T15:48:40.071Z 5: window.close win1
2024-12-17T15:48:54.197Z 0: 

----------------------------------------------
2024-12-17T15:48:54.267Z 1: Discord starting: {"releaseChannel":"stable","version":"0.0.77"}, modulepath: /home/shushmyr/.config/discord/0.0.77/modules
2024-12-17T15:48:54.309Z 2: ✅ webContents.created web1 "index.html"
2024-12-17T15:48:54.351Z 3: ✅ window.created win1 "discord"
2024-12-17T15:48:54.637Z 4: ✅ webContents.did-finish-load web1
2024-12-17T15:49:28.126Z 5: window.close win1
2024-12-17T15:50:55.074Z 0: 

----------------------------------------------
2024-12-17T15:50:55.134Z 1: Discord starting: {"releaseChannel":"stable","version":"0.0.77"}, modulepath: /home/shushmyr/.config/discord/0.0.77/modules
2024-12-17T15:50:55.167Z 2: ✅ webContents.created web1 "index.html"
2024-12-17T15:50:55.209Z 3: ✅ window.created win1 "discord"
2024-12-17T15:50:55.532Z 4: ✅ webContents.did-finish-load web1
2024-12-17T15:51:15.632Z 5: window.close win1
2024-12-17T15:52:28.451Z 0: 

----------------------------------------------
2024-12-17T15:52:28.505Z 1: Discord starting: {"releaseChannel":"stable","version":"0.0.77"}, modulepath: /home/shushmyr/.config/discord/0.0.77/modules
2024-12-17T15:52:28.534Z 2: ✅ webContents.created web1 "index.html"
2024-12-17T15:52:28.567Z 3: ✅ window.created win1 "discord"
2024-12-17T15:52:28.877Z 4: ✅ webContents.did-finish-load web1
2024-12-17T15:52:39.283Z 5: window.close win1
2024-12-17T15:52:40.870Z 0: 

----------------------------------------------
2024-12-17T15:52:40.915Z 1: Discord starting: {"releaseChannel":"stable","version":"0.0.77"}, modulepath: /home/shushmyr/.config/discord/0.0.77/modules
2024-12-17T15:52:40.955Z 2: ✅ webContents.created web1 "index.html"
2024-12-17T15:52:40.996Z 3: ✅ window.created win1 "discord"
2024-12-17T15:52:41.327Z 4: ✅ webContents.did-finish-load web1
2024-12-17T15:53:29.264Z 5: before-quit
2024-12-17T15:54:31.900Z 0: 

----------------------------------------------
2024-12-17T15:54:31.947Z 1: Discord starting: {"releaseChannel":"stable","version":"0.0.77"}, modulepath: /home/shushmyr/.config/discord/0.0.77/modules
2024-12-17T15:54:31.980Z 2: ✅ webContents.created web1 "index.html"
2024-12-17T15:54:32.014Z 3: ✅ window.created win1 "discord"
2024-12-17T15:54:32.371Z 4: ✅ webContents.did-finish-load web1
2024-12-17T15:54:44.432Z 5: window.close win1
2024-12-17T15:55:35.313Z 0: 

----------------------------------------------
2024-12-17T15:55:35.399Z 1: Discord starting: {"releaseChannel":"stable","version":"0.0.77"}, modulepath: /home/shushmyr/.config/discord/0.0.77/modules
2024-12-17T15:55:35.441Z 2: ✅ webContents.created web1 "Discord Updater"
2024-12-17T15:55:35.484Z 3: ✅ window.created win1 "Discord Updater"
2024-12-17T15:55:35.755Z 4: ✅ webContents.did-finish-load web1
2024-12-17T15:55:48.420Z 5: window.close win1
